#
# There is insufficient memory for the Java Runtime Environment to continue.
# Native memory allocation (mmap) failed to map 130023424 bytes for G1 virtual space
# Possible reasons:
#   The system is out of physical RAM or swap space
#   The process is running with CompressedOops enabled, and the Java Heap may be blocking the growth of the native heap
# Possible solutions:
#   Reduce memory load on the system
#   Increase physical memory or swap space
#   Check if swap backing store is full
#   Decrease Java heap size (-Xmx/-Xms)
#   Decrease number of Java threads
#   Decrease Java thread stack sizes (-Xss)
#   Set larger code cache with -XX:ReservedCodeCacheSize=
#   JVM is running with Unscaled Compressed Oops mode in which the Java heap is
#     placed in the first 4GB address space. The Java Heap base address is the
#     maximum limit for the native heap growth. Please use -XX:HeapBaseMinAddress
#     to set the Java Heap base and to place the Java Heap above 4GB virtual address.
# This output file may be truncated or incomplete.
#
#  Out of Memory Error (./open/src/hotspot/os/windows/os_windows.cpp:3321), pid=8760, tid=4624
#
# JRE version:  (15.0.2+7) (build )
# Java VM: OpenJDK 64-Bit Server VM (15.0.2+7-27, mixed mode, sharing, tiered, compressed oops, g1 gc, windows-amd64)
# No core dump will be written. Minidumps are not enabled by default on client versions of Windows
#

---------------  S U M M A R Y ------------

Command Line: -XX:TieredStopAtLevel=1 -Xverify:none -Dspring.output.ansi.enabled=always -javaagent:C:\Program Files\JetBrains\IntelliJ IDEA 2020.3.2\lib\idea_rt.jar=63934:C:\Program Files\JetBrains\IntelliJ IDEA 2020.3.2\bin -Dcom.sun.management.jmxremote -Dspring.jmx.enabled=true -Dspring.liveBeansView.mbeanDomain -Dspring.application.admin.enabled=true -Dfile.encoding=UTF-8 com.example.demo.DemoApplication

Host: Intel(R) Core(TM) i5-9400 CPU @ 2.90GHz, 6 cores, 7G,  Windows 10 , 64 bit Build 19041 (10.0.19041.1202)
Time: Thu Sep 16 20:03:09 2021 RTZ 2 () elapsed time: 0.017051 seconds (0d 0h 0m 0s)

---------------  T H R E A D  ---------------

Current thread (0x000001b07e7bba20):  JavaThread "Unknown thread" [_thread_in_vm, id=4624, stack(0x0000007d02a00000,0x0000007d02b00000)]

Stack: [0x0000007d02a00000,0x0000007d02b00000]
Native frames: (J=compiled Java code, j=interpreted, Vv=VM code, C=native code)
V  [jvm.dll+0x62ae9a]
V  [jvm.dll+0x7817a9]
V  [jvm.dll+0x782f03]
V  [jvm.dll+0x783563]
V  [jvm.dll+0x216325]
V  [jvm.dll+0x6281d9]
V  [jvm.dll+0x61cf55]
V  [jvm.dll+0x2cffdd]
V  [jvm.dll+0x2cfe42]
V  [jvm.dll+0x2d5e1c]
V  [jvm.dll+0x32590a]
V  [jvm.dll+0x324fd4]
V  [jvm.dll+0x2a6f5a]
V  [jvm.dll+0x2a80f8]
V  [jvm.dll+0x75e241]
V  [jvm.dll+0x3341c4]
V  [jvm.dll+0x73e926]
V  [jvm.dll+0x3b7557]
V  [jvm.dll+0x3b8fe1]
C  [jli.dll+0x52fb]
C  [ucrtbase.dll+0x21bb2]
C  [KERNEL32.DLL+0x17034]
C  [ntdll.dll+0x52651]


---------------  P R O C E S S  ---------------

Threads class SMR info:
_java_thread_list=0x00007ffb7a084ff0, length=0, elements={
}

Java Threads: ( => current thread )

Other Threads:
  0x000001b07e7fc7f0 GCTaskThread "GC Thread#0" [stack: 0x0000007d02b00000,0x0000007d02c00000] [id=11980]
  0x000001b07e80cf00 ConcurrentGCThread "G1 Main Marker" [stack: 0x0000007d02c00000,0x0000007d02d00000] [id=5716]
  0x000001b07e80daf0 ConcurrentGCThread "G1 Conc#0" [stack: 0x0000007d02d00000,0x0000007d02e00000] [id=6496]

[error occurred during error reporting (printing all threads), id 0xc0000005, EXCEPTION_ACCESS_VIOLATION (0xc0000005) at pc=0x00007ffb79877e27]

VM state: not at safepoint (not fully initialized)

VM Mutex/Monitor currently owned by a thread:  ([mutex/lock_event])
[0x000001b07e7b94c0] Heap_lock - owner thread: 0x000001b07e7bba20

Heap address: 0x0000000085200000, size: 1966 MB, Compressed Oops mode: 32-bit
CDS archive(s) mapped at: [0x0000000000000000-0x0000000000000000-0x0000000000000000), size 0, SharedBaseAddress: 0x0000000800000000, ArchiveRelocationMode: 0.
Narrow klass base: 0x0000000000000000, Narrow klass shift: 0, Narrow klass range: 0x0

Heap:
 garbage-first heap   total 126976K, used 0K [0x0000000085200000, 0x0000000100000000)
  region size 1024K, 0 young (0K), 0 survivors (0K)
 Metaspace       used 0K, capacity 0K, committed 0K, reserved 0K
  class space    used 0K, capacity 0K, committed 0K, reserved 0K

Heap Regions: E=young(eden), S=young(survivor), O=old, HS=humongous(starts), HC=humongous(continues), CS=collection set, F=free, OA=open archive, CA=closed archive, TAMS=top-at-mark-start (previous, next)

Card table byte_map: [0x000001b0191d0000,0x000001b0195b0000] _byte_map_base: 0x000001b018da7000

Marking Bits (Prev, Next): (CMBitMap*) 0x000001b07e7fcfe0, (CMBitMap*) 0x000001b07e7fd020
 Prev Bits: [0x000001b019990000, 0x000001b01b848000)
 Next Bits: [0x000001b01b850000, 0x000001b01d708000)

GC Heap History (0 events):
No events

Deoptimization events (0 events):
No events

Classes unloaded (0 events):
No events

Classes redefined (0 events):
No events

Internal exceptions (0 events):
No events

Events (1 events):
Event: 0.010 Loaded shared library C:\Users\vovap\.jdks\openjdk-15.0.2\bin\java.dll


Dynamic libraries:
0x00007ff7525f0000 - 0x00007ff7525fd000 	C:\Users\vovap\.jdks\openjdk-15.0.2\bin\java.exe
0x00007ffbdd2d0000 - 0x00007ffbdd4c5000 	C:\WINDOWS\SYSTEM32\ntdll.dll
0x00007ffbdbcf0000 - 0x00007ffbdbdae000 	C:\WINDOWS\System32\KERNEL32.DLL
0x00007ffbdabc0000 - 0x00007ffbdae89000 	C:\WINDOWS\System32\KERNELBASE.dll
0x00007ffbdaac0000 - 0x00007ffbdabc0000 	C:\WINDOWS\System32\ucrtbase.dll
0x00007ffbc6150000 - 0x00007ffbc6169000 	C:\Users\vovap\.jdks\openjdk-15.0.2\bin\VCRUNTIME140.dll
0x00007ffbc61d0000 - 0x00007ffbc61e8000 	C:\Users\vovap\.jdks\openjdk-15.0.2\bin\jli.dll
0x00007ffbdc590000 - 0x00007ffbdc731000 	C:\WINDOWS\System32\USER32.dll
0x00007ffbc6e80000 - 0x00007ffbc711a000 	C:\WINDOWS\WinSxS\amd64_microsoft.windows.common-controls_6595b64144ccf1df_6.0.19041.1110_none_60b5254171f9507e\COMCTL32.dll
0x00007ffbdb080000 - 0x00007ffbdb0a2000 	C:\WINDOWS\System32\win32u.dll
0x00007ffbdcf70000 - 0x00007ffbdd00e000 	C:\WINDOWS\System32\msvcrt.dll
0x00007ffbdbcc0000 - 0x00007ffbdbceb000 	C:\WINDOWS\System32\GDI32.dll
0x00007ffbdae90000 - 0x00007ffbdaf9b000 	C:\WINDOWS\System32\gdi32full.dll
0x00007ffbdaa20000 - 0x00007ffbdaabd000 	C:\WINDOWS\System32\msvcp_win.dll
0x00007ffbdc2f0000 - 0x00007ffbdc320000 	C:\WINDOWS\System32\IMM32.DLL
0x00007ffbd6850000 - 0x00007ffbd685c000 	C:\Users\vovap\.jdks\openjdk-15.0.2\bin\vcruntime140_1.dll
0x00007ffbad450000 - 0x00007ffbad4e1000 	C:\Users\vovap\.jdks\openjdk-15.0.2\bin\msvcp140.dll
0x00007ffb795c0000 - 0x00007ffb7a11e000 	C:\Users\vovap\.jdks\openjdk-15.0.2\bin\server\jvm.dll
0x00007ffbdb470000 - 0x00007ffbdb51c000 	C:\WINDOWS\System32\ADVAPI32.dll
0x00007ffbdc330000 - 0x00007ffbdc3cb000 	C:\WINDOWS\System32\sechost.dll
0x00007ffbdcc70000 - 0x00007ffbdcd9a000 	C:\WINDOWS\System32\RPCRT4.dll
0x00007ffbdcda0000 - 0x00007ffbdcda8000 	C:\WINDOWS\System32\PSAPI.DLL
0x00007ffbbe9b0000 - 0x00007ffbbe9d7000 	C:\WINDOWS\SYSTEM32\WINMM.dll
0x00007ffbc8a80000 - 0x00007ffbc8a89000 	C:\WINDOWS\SYSTEM32\WSOCK32.dll
0x00007ffbd46a0000 - 0x00007ffbd46aa000 	C:\WINDOWS\SYSTEM32\VERSION.dll
0x00007ffbdcdb0000 - 0x00007ffbdce1b000 	C:\WINDOWS\System32\WS2_32.dll
0x00007ffbd88a0000 - 0x00007ffbd88b2000 	C:\WINDOWS\SYSTEM32\kernel.appcore.dll
0x00007ffbd3dd0000 - 0x00007ffbd3dda000 	C:\Users\vovap\.jdks\openjdk-15.0.2\bin\jimage.dll
0x00007ffbc4120000 - 0x00007ffbc4304000 	C:\WINDOWS\SYSTEM32\DBGHELP.DLL
0x00007ffbc3ed0000 - 0x00007ffbc3efc000 	C:\WINDOWS\SYSTEM32\dbgcore.DLL
0x00007ffbdaff0000 - 0x00007ffbdb073000 	C:\WINDOWS\System32\bcryptPrimitives.dll
0x00007ffbc6140000 - 0x00007ffbc614e000 	C:\Users\vovap\.jdks\openjdk-15.0.2\bin\instrument.dll
0x00007ffbc60d0000 - 0x00007ffbc60f5000 	C:\Users\vovap\.jdks\openjdk-15.0.2\bin\java.dll

dbghelp: loaded successfully - version: 4.0.5 - missing functions: none
symbol engine: initialized successfully - sym options: 0x614 - pdb path: .;C:\Users\vovap\.jdks\openjdk-15.0.2\bin;C:\WINDOWS\SYSTEM32;C:\WINDOWS\WinSxS\amd64_microsoft.windows.common-controls_6595b64144ccf1df_6.0.19041.1110_none_60b5254171f9507e;C:\Users\vovap\.jdks\openjdk-15.0.2\bin\server

VM Arguments:
jvm_args: -XX:TieredStopAtLevel=1 -Xverify:none -Dspring.output.ansi.enabled=always -javaagent:C:\Program Files\JetBrains\IntelliJ IDEA 2020.3.2\lib\idea_rt.jar=63934:C:\Program Files\JetBrains\IntelliJ IDEA 2020.3.2\bin -Dcom.sun.management.jmxremote -Dspring.jmx.enabled=true -Dspring.liveBeansView.mbeanDomain -Dspring.application.admin.enabled=true -Dfile.encoding=UTF-8 
java_command: com.example.demo.DemoApplication
java_class_path (initial): C:\Users\vovap\Desktop\PFM\target\classes;C:\Users\vovap\.m2\repository\org\springframework\boot\spring-boot-starter-data-jpa\2.5.4\spring-boot-starter-data-jpa-2.5.4.jar;C:\Users\vovap\.m2\repository\org\springframework\boot\spring-boot-starter-aop\2.5.4\spring-boot-starter-aop-2.5.4.jar;C:\Users\vovap\.m2\repository\org\aspectj\aspectjweaver\1.9.7\aspectjweaver-1.9.7.jar;C:\Users\vovap\.m2\repository\org\springframework\boot\spring-boot-starter-jdbc\2.5.4\spring-boot-starter-jdbc-2.5.4.jar;C:\Users\vovap\.m2\repository\com\zaxxer\HikariCP\4.0.3\HikariCP-4.0.3.jar;C:\Users\vovap\.m2\repository\org\springframework\spring-jdbc\5.3.9\spring-jdbc-5.3.9.jar;C:\Users\vovap\.m2\repository\jakarta\transaction\jakarta.transaction-api\1.3.3\jakarta.transaction-api-1.3.3.jar;C:\Users\vovap\.m2\repository\jakarta\persistence\jakarta.persistence-api\2.2.3\jakarta.persistence-api-2.2.3.jar;C:\Users\vovap\.m2\repository\org\hibernate\hibernate-core\5.4.32.Final\hibernate-core-5.4.32.Final.jar;C:\Users\vovap\.m2\repository\org\jboss\logging\jboss-logging\3.4.2.Final\jboss-logging-3.4.2.Final.jar;C:\Users\vovap\.m2\repository\org\javassist\javassist\3.27.0-GA\javassist-3.27.0-GA.jar;C:\Users\vovap\.m2\repository\net\bytebuddy\byte-buddy\1.10.22\byte-buddy-1.10.22.jar;C:\Users\vovap\.m2\repository\antlr\antlr\2.7.7\antlr-2.7.7.jar;C:\Users\vovap\.m2\repository\org\jboss\jandex\2.2.3.Final\jandex-2.2.3.Final.jar;C:\Users\vovap\.m2\repository\org\dom4j\dom4j\2.1.3\dom4j-2.1.3.jar;C:\Users\vovap\.m2\repository\org\hibernate\common\hibernate-commons-annotations\5.1.2.Final\hibernate-commons-annotations-5.1.2.Final.jar;C:\Users\vovap\.m2\repository\org\glassfish\jaxb\jaxb-runtime\2.3.5\jaxb-runtime-2.3.5.jar;C:\Users\vovap\.m2\repository\org\glassfish\jaxb\txw2\2.3.5\txw2-2.3.5.jar;C:\Users\vovap\.m2\repository\com\sun\istack\istack-commons-runtime\3.0.12\istack-commons-runtime-3.0.12.jar;C:\Users\vovap\.m2\repository\com\sun\activation\jakarta.activation\1.2
Launcher Type: SUN_STANDARD

[Global flags]
     intx CICompilerCount                          = 3                                         {product} {ergonomic}
     uint ConcGCThreads                            = 2                                         {product} {ergonomic}
     uint G1ConcRefinementThreads                  = 6                                         {product} {ergonomic}
   size_t G1HeapRegionSize                         = 1048576                                   {product} {ergonomic}
    uintx GCDrainStackTargetSize                   = 64                                        {product} {ergonomic}
   size_t InitialHeapSize                          = 130023424                                 {product} {ergonomic}
     bool ManagementServer                         = true                                      {product} {command line}
   size_t MarkStackSize                            = 4194304                                   {product} {ergonomic}
   size_t MaxHeapSize                              = 2061500416                                {product} {ergonomic}
   size_t MinHeapDeltaBytes                        = 1048576                                   {product} {ergonomic}
   size_t MinHeapSize                              = 8388608                                   {product} {ergonomic}
    uintx NonNMethodCodeHeapSize                   = 6973028                                {pd product} {ergonomic}
    uintx NonProfiledCodeHeapSize                  = 244685212                              {pd product} {ergonomic}
    uintx ProfiledCodeHeapSize                     = 0                                      {pd product} {ergonomic}
    uintx ReservedCodeCacheSize                    = 251658240                              {pd product} {ergonomic}
     bool SegmentedCodeCache                       = true                                      {product} {ergonomic}
   size_t SoftMaxHeapSize                          = 2061500416                             {manageable} {ergonomic}
     intx TieredStopAtLevel                        = 1                                         {product} {command line}
     bool UseCompressedClassPointers               = true                                 {lp64_product} {ergonomic}
     bool UseCompressedOops                        = true                                 {lp64_product} {ergonomic}
     bool UseG1GC                                  = true                                      {product} {ergonomic}
     bool UseLargePagesIndividualAllocation        = false                                  {pd product} {ergonomic}

Logging:
Log output configuration:
 #0: stdout all=warning uptime,level,tags
 #1: stderr all=off uptime,level,tags

Environment Variables:
JAVA_HOME=C:\Program Files\Java\jdk-16.0.1
PATH=C:\Python39\Scripts\;C:\Python39\;"C:\Program Files (x86)\NVIDIA Corporation\PhysX\Common;C:\Program Files\heroku\bin";C:\Program Files (x86)\Common Files\Oracle\Java\javapath;C:\Windows\system32;C:\Windows;C:\Windows\System32\Wbem;C:\Windows\System32\WindowsPowerShell\v1.0\;C:\Windows\System32\OpenSSH\;C:\Program Files\dotnet\;C:\Users\vovap\AppData\Local\Programs\Python;C:\Users\vovap\AppData\Local\Programs\Python\Python38-32\Scripts;D:\\Git\cmd;D:\\Brackets\command;C:\WINDOWS\system32;C:\WINDOWS;C:\WINDOWS\System32\Wbem;C:\WINDOWS\System32\WindowsPowerShell\v1.0\;C:\WINDOWS\System32\OpenSSH\;C:\sqllite;D:\\common;C:\Program Files\Docker\Docker\resources\bin;C:\ProgramData\DockerDesktop\version-bin;C:\Program Files\heroku;C:\Program Files\heroku\bin;D:\\;C:\ProgramData\chocolatey\bin;C:\Program Files\apache-maven-3.8.1\bin;"C:\Python39\Scripts\;C:\Python39\;"C:\Program Files (x86)\NVIDIA Corporation\PhysX\Common;C:\Program Files\heroku\bin";C:\Program Files (x86)\Common Files\Oracle\Java\javapath;C:\Windows\system32;C:\Windows;C:\Windows\System32\Wbem;C:\Windows\System32\WindowsPowerShell\v1.0\;C:\Windows\System32\OpenSSH\;C:\Program Files\dotnet\;C:\Users\vovap\AppData\Local\Programs\Python;C:\Users\vovap\AppData\Local\Programs\Python\Python38-32\Scripts;D:\\Git\cmd;D:\\Brackets\command;C:\WINDOWS\system32;C:\WINDOWS;C:\WINDOWS\System32\Wbem;C:\WINDOWS\System32\WindowsPowerShell\v1.0\;C:\WINDOWS\System32\OpenSSH\;C:\sqllite;D:\\common;C:\Program Files\Docker\Docker\resources\bin;C:\ProgramData\DockerDesktop\version-bin;C:\Program Files\heroku;C:\Program Files\heroku\bin;D:\\;C:\ProgramData\chocolatey\bin;C:\Program Files\apache-maven-3.8.1\bin;"C:\Python39\Scripts\;C:\Python39\;"C:\Program Files (x86)\NVIDIA Corporation\PhysX\Common;C:\Program Files\heroku\bin";C:\Program Files (x86)\Common Files\Oracle\Java\javapath;C:\Windows\system32;C:\Windows;C:\Windows\System32\Wbem;C:\Windows\System32\WindowsPowerShell\v1.0\;C:\Windows\Sys
USERNAME=vovap
OS=Windows_NT
PROCESSOR_IDENTIFIER=Intel64 Family 6 Model 158 Stepping 10, GenuineIntel



---------------  S Y S T E M  ---------------

OS:
 Windows 10 , 64 bit Build 19041 (10.0.19041.1202)
OS uptime: 0 days 2:53 hours
HyperV virtualization detected

CPU: total 6 (initial active 6) (6 cores per cpu, 1 threads per core) family 6 model 158 stepping 10 microcode 0xb4, cmov, cx8, fxsr, mmx, sse, sse2, sse3, ssse3, sse4.1, sse4.2, popcnt, vzeroupper, avx, avx2, aes, clmul, erms, 3dnowpref, lzcnt, tsc, tscinvbit, bmi1, bmi2, adx, fma, clflush, clflushopt

Memory: 4k page, system-wide physical 7857M (793M free)
TotalPageFile size 15857M (AvailPageFile size 125M)
current process WorkingSet (physical memory assigned to process): 10M, peak: 10M
current process commit charge ("private bytes"): 53M, peak: 177M

vm_info: OpenJDK 64-Bit Server VM (15.0.2+7-27) for windows-amd64 JRE (15.0.2+7-27), built on Dec  7 2020 20:02:38 by "mach5one" with unknown MS VC++:1925

END.
